main.obj : error LNK2019: unresolved external symbol "public: float __cdecl sf::Time::asSeconds(void)const " (?asSeconds@Time@sf@@QEBAMXZ) referenced in function main
main.obj : error LNK2019: unresolved external symbol "public: __cdecl sf::Clock::Clock(void)" (??0Clock@sf@@QEAA@XZ) referenced in function "void __cdecl `dynamic initializer for 'clockington''(void)" (??__Eclockington@@YAXXZ)
main.obj : error LNK2019: unresolved external symbol "public: class sf::Time __cdecl sf::Clock::getElapsedTime(void)const " (?getElapsedTime@Clock@sf@@QEBA?AVTime@2@XZ) referenced in function main
main.obj : error LNK2019: unresolved external symbol "public: class sf::Time __cdecl sf::Clock::restart(void)" (?restart@Clock@sf@@QEAA?AVTime@2@XZ) referenced in function "double __cdecl speedup(double)" (?speedup@@YANN@Z)
main.obj : error LNK2019: unresolved external symbol "public: __cdecl sf::String::String(char const *,class std::locale const &)" (??0String@sf@@QEAA@PEBDAEBVlocale@std@@@Z) referenced in function "void __cdecl `dynamic initializer for 'window''(void)" (??__Ewindow@@YAXXZ)
main.obj : error LNK2019: unresolved external symbol "public: __cdecl sf::String::String(class std::basic_string<char,struct std::char_traits<char>,class std::allocator<char> > const &,class std::locale const &)" (??0String@sf@@QEAA@AEBV?$basic_string@DU?$char_traits@D@std@@V?$allocator@D@2@@std@@AEBVlocale@3@@Z) referenced in function main
main.obj : error LNK2019: unresolved external symbol "public: static bool __cdecl sf::Keyboard::isKeyPressed(enum sf::Keyboard::Key)" (?isKeyPressed@Keyboard@sf@@SA_NW4Key@12@@Z) referenced in function "void __cdecl esc(void)" (?esc@@YAXXZ)
main.obj : error LNK2019: unresolved external symbol "public: __cdecl sf::VideoMode::VideoMode(unsigned int,unsigned int,unsigned int)" (??0VideoMode@sf@@QEAA@III@Z) referenced in function "void __cdecl `dynamic initializer for 'window''(void)" (??__Ewindow@@YAXXZ)
main.obj : error LNK2019: unresolved external symbol "public: bool __cdecl sf::WindowBase::isOpen(void)const " (?isOpen@WindowBase@sf@@QEBA_NXZ) referenced in function main
main.obj : error LNK2019: unresolved external symbol "public: bool __cdecl sf::WindowBase::pollEvent(class sf::Event &)" (?pollEvent@WindowBase@sf@@QEAA_NAEAVEvent@2@@Z) referenced in function main
main.obj : error LNK2019: unresolved external symbol "public: virtual void __cdecl sf::Window::close(void)" (?close@Window@sf@@UEAAXXZ) referenced in function "void __cdecl esc(void)" (?esc@@YAXXZ)
main.obj : error LNK2019: unresolved external symbol "public: void __cdecl sf::Window::display(void)" (?display@Window@sf@@QEAAXXZ) referenced in function main
main.obj : error LNK2019: unresolved external symbol "public: virtual __cdecl sf::Transformable::~Transformable(void)" (??1Transformable@sf@@UEAA@XZ) referenced in function "public: virtual __cdecl sf::Text::~Text(void)" (??1Text@sf@@UEAA@XZ)
main.obj : error LNK2019: unresolved external symbol "public: void __cdecl sf::Transformable::setPosition(float,float)" (?setPosition@Transformable@sf@@QEAAXMM@Z) referenced in function main
main.obj : error LNK2019: unresolved external symbol "public: __cdecl sf::Color::Color(unsigned char,unsigned char,unsigned char,unsigned char)" (??0Color@sf@@QEAA@EEEE@Z) referenced in function main
main.obj : error LNK2019: unresolved external symbol "public: virtual __cdecl sf::Shape::~Shape(void)" (??1Shape@sf@@UEAA@XZ) referenced in function "public: virtual __cdecl sf::CircleShape::~CircleShape(void)" (??1CircleShape@sf@@UEAA@XZ)
main.obj : error LNK2019: unresolved external symbol "public: void __cdecl sf::Shape::setFillColor(class sf::Color const &)" (?setFillColor@Shape@sf@@QEAAXAEBVColor@2@@Z) referenced in function main
main.obj : error LNK2019: unresolved external symbol "public: __cdecl sf::CircleShape::CircleShape(float,unsigned __int64)" (??0CircleShape@sf@@QEAA@M_K@Z) referenced in function "void __cdecl `dynamic initializer for 'shape''(void)" (??__Eshape@@YAXXZ)
main.obj : error LNK2019: unresolved external symbol "public: void __cdecl sf::CircleShape::setRadius(float)" (?setRadius@CircleShape@sf@@QEAAXM@Z) referenced in function main
main.obj : error LNK2019: unresolved external symbol "public: __cdecl sf::Font::Font(void)" (??0Font@sf@@QEAA@XZ) referenced in function "void __cdecl `dynamic initializer for 'font''(void)" (??__Efont@@YAXXZ)
main.obj : error LNK2019: unresolved external symbol "public: __cdecl sf::Font::~Font(void)" (??1Font@sf@@QEAA@XZ) referenced in function "void __cdecl `dynamic atexit destructor for 'font''(void)" (??__Ffont@@YAXXZ)
main.obj : error LNK2019: unresolved external symbol "public: bool __cdecl sf::Font::loadFromFile(class std::basic_string<char,struct std::char_traits<char>,class std::allocator<char> > const &)" (?loadFromFile@Font@sf@@QEAA_NAEBV?$basic_string@DU?$char_traits@D@std@@V?$allocator@D@2@@std@@@Z) referenced in function main
main.obj : error LNK2019: unresolved external symbol "public: void __cdecl sf::RenderTarget::clear(class sf::Color const &)" (?clear@RenderTarget@sf@@QEAAXAEBVColor@2@@Z) referenced in function main
main.obj : error LNK2019: unresolved external symbol "public: void __cdecl sf::RenderTarget::draw(class sf::Drawable const &,class sf::RenderStates const &)" (?draw@RenderTarget@sf@@QEAAXAEBVDrawable@2@AEBVRenderStates@2@@Z) referenced in function main
main.obj : error LNK2019: unresolved external symbol "public: __cdecl sf::RenderWindow::RenderWindow(class sf::VideoMode,class sf::String const &,unsigned int,struct sf::ContextSettings const &)" (??0RenderWindow@sf@@QEAA@VVideoMode@1@AEBVString@1@IAEBUContextSettings@1@@Z) referenced in function "void __cdecl `dynamic initializer for 'window''(void)" (??__Ewindow@@YAXXZ)
main.obj : error LNK2019: unresolved external symbol "public: virtual __cdecl sf::RenderWindow::~RenderWindow(void)" (??1RenderWindow@sf@@UEAA@XZ) referenced in function "void __cdecl `dynamic atexit destructor for 'window''(void)" (??__Fwindow@@YAXXZ)
main.obj : error LNK2019: unresolved external symbol "public: __cdecl sf::Text::Text(void)" (??0Text@sf@@QEAA@XZ) referenced in function "void __cdecl `dynamic initializer for 'text''(void)" (??__Etext@@YAXXZ)
main.obj : error LNK2019: unresolved external symbol "public: void __cdecl sf::Text::setString(class sf::String const &)" (?setString@Text@sf@@QEAAXAEBVString@2@@Z) referenced in function main
main.obj : error LNK2019: unresolved external symbol "public: void __cdecl sf::Text::setFont(class sf::Font const &)" (?setFont@Text@sf@@QEAAXAEBVFont@2@@Z) referenced in function main
main.obj : error LNK2019: unresolved external symbol "public: void __cdecl sf::Text::setCharacterSize(unsigned int)" (?setCharacterSize@Text@sf@@QEAAXI@Z) referenced in function main
main.obj : error LNK2019: unresolved external symbol "public: void __cdecl sf::Text::setFillColor(class sf::Color const &)" (?setFillColor@Text@sf@@QEAAXAEBVColor@2@@Z) referenced in function main
main.obj : error LNK2001: unresolved external symbol "public: static class sf::RenderStates const sf::RenderStates::Default" (?Default@RenderStates@sf@@2V12@B)
main.obj : error LNK2001: unresolved external symbol "public: static class sf::Color const sf::Color::Red" (?Red@Color@sf@@2V12@B)
main.obj : error LNK2001: unresolved external symbol "public: static class sf::Color const sf::Color::Blue" (?Blue@Color@sf@@2V12@B)
C:\Users\Dhiren\Source\Repos\DhirenTheHeadlights\Project-1\x64\Debug\SFML Project 1.exe : fatal error LNK1120: 34 unresolved externals
